#
# There is insufficient memory for the Java Runtime Environment to continue.
# Native memory allocation (malloc) failed to allocate 32744 bytes for ChunkPool::allocate
# Possible reasons:
#   The system is out of physical RAM or swap space
#   The process is running with CompressedOops enabled, and the Java Heap may be blocking the growth of the native heap
# Possible solutions:
#   Reduce memory load on the system
#   Increase physical memory or swap space
#   Check if swap backing store is full
#   Decrease Java heap size (-Xmx/-Xms)
#   Decrease number of Java threads
#   Decrease Java thread stack sizes (-Xss)
#   Set larger code cache with -XX:ReservedCodeCacheSize=
#   JVM is running with Zero Based Compressed Oops mode in which the Java heap is
#     placed in the first 32GB address space. The Java Heap base address is the
#     maximum limit for the native heap growth. Please use -XX:HeapBaseMinAddress
#     to set the Java Heap base and to place the Java Heap above 32GB virtual address.
# This output file may be truncated or incomplete.
#
#  Out of Memory Error (arena.cpp:78), pid=86720, tid=5544
#
# JRE version: OpenJDK Runtime Environment (17.0+35) (build 17+35-2724)
# Java VM: OpenJDK 64-Bit Server VM (17+35-2724, mixed mode, sharing, tiered, compressed oops, compressed class ptrs, g1 gc, windows-amd64)
# No core dump will be written. Minidumps are not enabled by default on client versions of Windows
#

---------------  S U M M A R Y ------------

Command Line: -javaagent:D:\IntelliJ\IntelliJ IDEA Community Edition 2023.3.5\lib\idea_rt.jar=58623:D:\IntelliJ\IntelliJ IDEA Community Edition 2023.3.5\bin -Dfile.encoding=UTF-8 com.example.Trabajo_Integrador_2024.TrabajoIntegrador2024Application

Host: 11th Gen Intel(R) Core(TM) i7-1165G7 @ 2.80GHz, 8 cores, 23G,  Windows 10 , 64 bit Build 22000 (10.0.22000.2538)
Time: Thu Sep 12 17:49:57 2024 Hora est. Pacífico, Sudamérica elapsed time: 0.376504 seconds (0d 0h 0m 0s)

---------------  T H R E A D  ---------------

Current thread (0x000002437fce7720):  JavaThread "C2 CompilerThread0" daemon [_thread_in_native, id=5544, stack(0x000000f839400000,0x000000f839500000)]


Current CompileTask:
C2:    376  685   !   4       java.util.zip.ZipFile$Source::getEntryPos (173 bytes)

Stack: [0x000000f839400000,0x000000f839500000]
Native frames: (J=compiled Java code, j=interpreted, Vv=VM code, C=native code)
V  [jvm.dll+0x66f8ea]
V  [jvm.dll+0x7ce224]
V  [jvm.dll+0x7cf9ce]
V  [jvm.dll+0x7d0033]
V  [jvm.dll+0x242bb5]
V  [jvm.dll+0xaa2a0]
V  [jvm.dll+0xaa5ec]
V  [jvm.dll+0x564e81]
V  [jvm.dll+0x567951]
V  [jvm.dll+0x5672fe]
V  [jvm.dll+0x5672c5]
V  [jvm.dll+0x578cf8]
V  [jvm.dll+0x21de2d]
V  [jvm.dll+0x217789]
V  [jvm.dll+0x214fb5]
V  [jvm.dll+0x1a168d]
V  [jvm.dll+0x2248f8]
V  [jvm.dll+0x222a5c]
V  [jvm.dll+0x78422b]
V  [jvm.dll+0x77e7ea]
V  [jvm.dll+0x66e715]
C  [ucrtbase.dll+0x26c0c]
C  [KERNEL32.DLL+0x153e0]
C  [ntdll.dll+0x485b]


---------------  P R O C E S S  ---------------

Threads class SMR info:
_java_thread_list=0x0000024302a22080, length=13, elements={
0x000002435a5dd5e0, 0x000002437fcc9ac0, 0x000002437fcca280, 0x000002437fcdcc00,
0x000002437fcdf1d0, 0x000002437fce27b0, 0x000002437fce2d70, 0x000002437fce7720,
0x000002437fcefde0, 0x000002437fcfc7f0, 0x00000243028ba600, 0x0000024302b856f0,
0x0000024302b85bc0
}

Java Threads: ( => current thread )
  0x000002435a5dd5e0 JavaThread "main" [_thread_in_Java, id=66668, stack(0x000000f838700000,0x000000f838800000)]
  0x000002437fcc9ac0 JavaThread "Reference Handler" daemon [_thread_blocked, id=80780, stack(0x000000f838e00000,0x000000f838f00000)]
  0x000002437fcca280 JavaThread "Finalizer" daemon [_thread_blocked, id=18624, stack(0x000000f838f00000,0x000000f839000000)]
  0x000002437fcdcc00 JavaThread "Signal Dispatcher" daemon [_thread_blocked, id=80164, stack(0x000000f839000000,0x000000f839100000)]
  0x000002437fcdf1d0 JavaThread "Attach Listener" daemon [_thread_blocked, id=82236, stack(0x000000f839100000,0x000000f839200000)]
  0x000002437fce27b0 JavaThread "Service Thread" daemon [_thread_blocked, id=62560, stack(0x000000f839200000,0x000000f839300000)]
  0x000002437fce2d70 JavaThread "Monitor Deflation Thread" daemon [_thread_blocked, id=42408, stack(0x000000f839300000,0x000000f839400000)]
=>0x000002437fce7720 JavaThread "C2 CompilerThread0" daemon [_thread_in_native, id=5544, stack(0x000000f839400000,0x000000f839500000)]
  0x000002437fcefde0 JavaThread "C1 CompilerThread0" daemon [_thread_in_native, id=34748, stack(0x000000f839500000,0x000000f839600000)]
  0x000002437fcfc7f0 JavaThread "Sweeper thread" daemon [_thread_blocked, id=53664, stack(0x000000f839600000,0x000000f839700000)]
  0x00000243028ba600 JavaThread "Common-Cleaner" daemon [_thread_blocked, id=35792, stack(0x000000f839700000,0x000000f839800000)]
  0x0000024302b856f0 JavaThread "Monitor Ctrl-Break" daemon [_thread_in_native, id=17568, stack(0x000000f839800000,0x000000f839900000)]
  0x0000024302b85bc0 JavaThread "Notification Thread" daemon [_thread_blocked, id=76460, stack(0x000000f839900000,0x000000f839a00000)]

Other Threads:
  0x000002437fcc4020 VMThread "VM Thread" [stack: 0x000000f838d00000,0x000000f838e00000] [id=78632]
  0x0000024302b86090 WatcherThread [stack: 0x000000f839a00000,0x000000f839b00000] [id=93980]
  0x000002435a63a800 GCTaskThread "GC Thread#0" [stack: 0x000000f838800000,0x000000f838900000] [id=94372]
  0x000002435a647540 ConcurrentGCThread "G1 Main Marker" [stack: 0x000000f838900000,0x000000f838a00000] [id=93596]
  0x000002435a647f50 ConcurrentGCThread "G1 Conc#0" [stack: 0x000000f838a00000,0x000000f838b00000] [id=83260]
  0x000002435a69dcc0 ConcurrentGCThread "G1 Refine#0" [stack: 0x000000f838b00000,0x000000f838c00000] [id=102232]
  0x000002437fb93630 ConcurrentGCThread "G1 Service" [stack: 0x000000f838c00000,0x000000f838d00000] [id=53672]

Threads with active compile tasks:
C2 CompilerThread0      393  685   !   4       java.util.zip.ZipFile$Source::getEntryPos (173 bytes)
C1 CompilerThread0      393  684       3       java.net.URLStreamHandler::parseURL (1201 bytes)

VM state: not at safepoint (normal execution)

VM Mutex/Monitor currently owned by a thread: None

Heap address: 0x0000000684000000, size: 6080 MB, Compressed Oops mode: Zero based, Oop shift amount: 3

CDS archive(s) mapped at: [0x0000000800000000-0x0000000800bc0000-0x0000000800bc0000), size 12320768, SharedBaseAddress: 0x0000000800000000, ArchiveRelocationMode: 0.
Compressed class space mapped at: 0x0000000800c00000-0x0000000840c00000, reserved size: 1073741824
Narrow klass base: 0x0000000800000000, Narrow klass shift: 0, Narrow klass range: 0x100000000

GC Precious Log:
 CPUs: 8 total, 8 available
 Memory: 24316M
 Large Page Support: Disabled
 NUMA Support: Disabled
 Compressed Oops: Enabled (Zero based)
 Heap Region Size: 4M
 Heap Min Capacity: 8M
 Heap Initial Capacity: 380M
 Heap Max Capacity: 6080M
 Pre-touch: Disabled
 Parallel Workers: 8
 Concurrent Workers: 2
 Concurrent Refinement Workers: 8
 Periodic GC: Disabled

Heap:
 garbage-first heap   total 389120K, used 12288K [0x0000000684000000, 0x0000000800000000)
  region size 4096K, 4 young (16384K), 0 survivors (0K)
 Metaspace       used 3080K, committed 3200K, reserved 1056768K
  class space    used 309K, committed 384K, reserved 1048576K

Heap Regions: E=young(eden), S=young(survivor), O=old, HS=humongous(starts), HC=humongous(continues), CS=collection set, F=free, OA=open archive, CA=closed archive, TAMS=top-at-mark-start (previous, next)
|   0|0x0000000684000000, 0x0000000684000000, 0x0000000684400000|  0%| F|  |TAMS 0x0000000684000000, 0x0000000684000000| Untracked 
|   1|0x0000000684400000, 0x0000000684400000, 0x0000000684800000|  0%| F|  |TAMS 0x0000000684400000, 0x0000000684400000| Untracked 
|   2|0x0000000684800000, 0x0000000684800000, 0x0000000684c00000|  0%| F|  |TAMS 0x0000000684800000, 0x0000000684800000| Untracked 
|   3|0x0000000684c00000, 0x0000000684c00000, 0x0000000685000000|  0%| F|  |TAMS 0x0000000684c00000, 0x0000000684c00000| Untracked 
|   4|0x0000000685000000, 0x0000000685000000, 0x0000000685400000|  0%| F|  |TAMS 0x0000000685000000, 0x0000000685000000| Untracked 
|   5|0x0000000685400000, 0x0000000685400000, 0x0000000685800000|  0%| F|  |TAMS 0x0000000685400000, 0x0000000685400000| Untracked 
|   6|0x0000000685800000, 0x0000000685800000, 0x0000000685c00000|  0%| F|  |TAMS 0x0000000685800000, 0x0000000685800000| Untracked 
|   7|0x0000000685c00000, 0x0000000685c00000, 0x0000000686000000|  0%| F|  |TAMS 0x0000000685c00000, 0x0000000685c00000| Untracked 
|   8|0x0000000686000000, 0x0000000686000000, 0x0000000686400000|  0%| F|  |TAMS 0x0000000686000000, 0x0000000686000000| Untracked 
|   9|0x0000000686400000, 0x0000000686400000, 0x0000000686800000|  0%| F|  |TAMS 0x0000000686400000, 0x0000000686400000| Untracked 
|  10|0x0000000686800000, 0x0000000686800000, 0x0000000686c00000|  0%| F|  |TAMS 0x0000000686800000, 0x0000000686800000| Untracked 
|  11|0x0000000686c00000, 0x0000000686c00000, 0x0000000687000000|  0%| F|  |TAMS 0x0000000686c00000, 0x0000000686c00000| Untracked 
|  12|0x0000000687000000, 0x0000000687000000, 0x0000000687400000|  0%| F|  |TAMS 0x0000000687000000, 0x0000000687000000| Untracked 
|  13|0x0000000687400000, 0x0000000687400000, 0x0000000687800000|  0%| F|  |TAMS 0x0000000687400000, 0x0000000687400000| Untracked 
|  14|0x0000000687800000, 0x0000000687800000, 0x0000000687c00000|  0%| F|  |TAMS 0x0000000687800000, 0x0000000687800000| Untracked 
|  15|0x0000000687c00000, 0x0000000687c00000, 0x0000000688000000|  0%| F|  |TAMS 0x0000000687c00000, 0x0000000687c00000| Untracked 
|  16|0x0000000688000000, 0x0000000688000000, 0x0000000688400000|  0%| F|  |TAMS 0x0000000688000000, 0x0000000688000000| Untracked 
|  17|0x0000000688400000, 0x0000000688400000, 0x0000000688800000|  0%| F|  |TAMS 0x0000000688400000, 0x0000000688400000| Untracked 
|  18|0x0000000688800000, 0x0000000688800000, 0x0000000688c00000|  0%| F|  |TAMS 0x0000000688800000, 0x0000000688800000| Untracked 
|  19|0x0000000688c00000, 0x0000000688c00000, 0x0000000689000000|  0%| F|  |TAMS 0x0000000688c00000, 0x0000000688c00000| Untracked 
|  20|0x0000000689000000, 0x0000000689000000, 0x0000000689400000|  0%| F|  |TAMS 0x0000000689000000, 0x0000000689000000| Untracked 
|  21|0x0000000689400000, 0x0000000689400000, 0x0000000689800000|  0%| F|  |TAMS 0x0000000689400000, 0x0000000689400000| Untracked 
|  22|0x0000000689800000, 0x0000000689800000, 0x0000000689c00000|  0%| F|  |TAMS 0x0000000689800000, 0x0000000689800000| Untracked 
|  23|0x0000000689c00000, 0x0000000689c00000, 0x000000068a000000|  0%| F|  |TAMS 0x0000000689c00000, 0x0000000689c00000| Untracked 
|  24|0x000000068a000000, 0x000000068a000000, 0x000000068a400000|  0%| F|  |TAMS 0x000000068a000000, 0x000000068a000000| Untracked 
|  25|0x000000068a400000, 0x000000068a400000, 0x000000068a800000|  0%| F|  |TAMS 0x000000068a400000, 0x000000068a400000| Untracked 
|  26|0x000000068a800000, 0x000000068a800000, 0x000000068ac00000|  0%| F|  |TAMS 0x000000068a800000, 0x000000068a800000| Untracked 
|  27|0x000000068ac00000, 0x000000068ac00000, 0x000000068b000000|  0%| F|  |TAMS 0x000000068ac00000, 0x000000068ac00000| Untracked 
|  28|0x000000068b000000, 0x000000068b000000, 0x000000068b400000|  0%| F|  |TAMS 0x000000068b000000, 0x000000068b000000| Untracked 
|  29|0x000000068b400000, 0x000000068b400000, 0x000000068b800000|  0%| F|  |TAMS 0x000000068b400000, 0x000000068b400000| Untracked 
|  30|0x000000068b800000, 0x000000068b800000, 0x000000068bc00000|  0%| F|  |TAMS 0x000000068b800000, 0x000000068b800000| Untracked 
|  31|0x000000068bc00000, 0x000000068bc00000, 0x000000068c000000|  0%| F|  |TAMS 0x000000068bc00000, 0x000000068bc00000| Untracked 
|  32|0x000000068c000000, 0x000000068c000000, 0x000000068c400000|  0%| F|  |TAMS 0x000000068c000000, 0x000000068c000000| Untracked 
|  33|0x000000068c400000, 0x000000068c400000, 0x000000068c800000|  0%| F|  |TAMS 0x000000068c400000, 0x000000068c400000| Untracked 
|  34|0x000000068c800000, 0x000000068c800000, 0x000000068cc00000|  0%| F|  |TAMS 0x000000068c800000, 0x000000068c800000| Untracked 
|  35|0x000000068cc00000, 0x000000068cc00000, 0x000000068d000000|  0%| F|  |TAMS 0x000000068cc00000, 0x000000068cc00000| Untracked 
|  36|0x000000068d000000, 0x000000068d000000, 0x000000068d400000|  0%| F|  |TAMS 0x000000068d000000, 0x000000068d000000| Untracked 
|  37|0x000000068d400000, 0x000000068d400000, 0x000000068d800000|  0%| F|  |TAMS 0x000000068d400000, 0x000000068d400000| Untracked 
|  38|0x000000068d800000, 0x000000068d800000, 0x000000068dc00000|  0%| F|  |TAMS 0x000000068d800000, 0x000000068d800000| Untracked 
|  39|0x000000068dc00000, 0x000000068dc00000, 0x000000068e000000|  0%| F|  |TAMS 0x000000068dc00000, 0x000000068dc00000| Untracked 
|  40|0x000000068e000000, 0x000000068e000000, 0x000000068e400000|  0%| F|  |TAMS 0x000000068e000000, 0x000000068e000000| Untracked 
|  41|0x000000068e400000, 0x000000068e400000, 0x000000068e800000|  0%| F|  |TAMS 0x000000068e400000, 0x000000068e400000| Untracked 
|  42|0x000000068e800000, 0x000000068e800000, 0x000000068ec00000|  0%| F|  |TAMS 0x000000068e800000, 0x000000068e800000| Untracked 
|  43|0x000000068ec00000, 0x000000068ec00000, 0x000000068f000000|  0%| F|  |TAMS 0x000000068ec00000, 0x000000068ec00000| Untracked 
|  44|0x000000068f000000, 0x000000068f000000, 0x000000068f400000|  0%| F|  |TAMS 0x000000068f000000, 0x000000068f000000| Untracked 
|  45|0x000000068f400000, 0x000000068f400000, 0x000000068f800000|  0%| F|  |TAMS 0x000000068f400000, 0x000000068f400000| Untracked 
|  46|0x000000068f800000, 0x000000068f800000, 0x000000068fc00000|  0%| F|  |TAMS 0x000000068f800000, 0x000000068f800000| Untracked 
|  47|0x000000068fc00000, 0x000000068fc00000, 0x0000000690000000|  0%| F|  |TAMS 0x000000068fc00000, 0x000000068fc00000| Untracked 
|  48|0x0000000690000000, 0x0000000690000000, 0x0000000690400000|  0%| F|  |TAMS 0x0000000690000000, 0x0000000690000000| Untracked 
|  49|0x0000000690400000, 0x0000000690400000, 0x0000000690800000|  0%| F|  |TAMS 0x0000000690400000, 0x0000000690400000| Untracked 
|  50|0x0000000690800000, 0x0000000690800000, 0x0000000690c00000|  0%| F|  |TAMS 0x0000000690800000, 0x0000000690800000| Untracked 
|  51|0x0000000690c00000, 0x0000000690c00000, 0x0000000691000000|  0%| F|  |TAMS 0x0000000690c00000, 0x0000000690c00000| Untracked 
|  52|0x0000000691000000, 0x0000000691000000, 0x0000000691400000|  0%| F|  |TAMS 0x0000000691000000, 0x0000000691000000| Untracked 
|  53|0x0000000691400000, 0x0000000691400000, 0x0000000691800000|  0%| F|  |TAMS 0x0000000691400000, 0x0000000691400000| Untracked 
|  54|0x0000000691800000, 0x0000000691800000, 0x0000000691c00000|  0%| F|  |TAMS 0x0000000691800000, 0x0000000691800000| Untracked 
|  55|0x0000000691c00000, 0x0000000691c00000, 0x0000000692000000|  0%| F|  |TAMS 0x0000000691c00000, 0x0000000691c00000| Untracked 
|  56|0x0000000692000000, 0x0000000692000000, 0x0000000692400000|  0%| F|  |TAMS 0x0000000692000000, 0x0000000692000000| Untracked 
|  57|0x0000000692400000, 0x0000000692400000, 0x0000000692800000|  0%| F|  |TAMS 0x0000000692400000, 0x0000000692400000| Untracked 
|  58|0x0000000692800000, 0x0000000692800000, 0x0000000692c00000|  0%| F|  |TAMS 0x0000000692800000, 0x0000000692800000| Untracked 
|  59|0x0000000692c00000, 0x0000000692c00000, 0x0000000693000000|  0%| F|  |TAMS 0x0000000692c00000, 0x0000000692c00000| Untracked 
|  60|0x0000000693000000, 0x0000000693000000, 0x0000000693400000|  0%| F|  |TAMS 0x0000000693000000, 0x0000000693000000| Untracked 
|  61|0x0000000693400000, 0x0000000693400000, 0x0000000693800000|  0%| F|  |TAMS 0x0000000693400000, 0x0000000693400000| Untracked 
|  62|0x0000000693800000, 0x0000000693800000, 0x0000000693c00000|  0%| F|  |TAMS 0x0000000693800000, 0x0000000693800000| Untracked 
|  63|0x0000000693c00000, 0x0000000693c00000, 0x0000000694000000|  0%| F|  |TAMS 0x0000000693c00000, 0x0000000693c00000| Untracked 
|  64|0x0000000694000000, 0x0000000694000000, 0x0000000694400000|  0%| F|  |TAMS 0x0000000694000000, 0x0000000694000000| Untracked 
|  65|0x0000000694400000, 0x0000000694400000, 0x0000000694800000|  0%| F|  |TAMS 0x0000000694400000, 0x0000000694400000| Untracked 
|  66|0x0000000694800000, 0x0000000694800000, 0x0000000694c00000|  0%| F|  |TAMS 0x0000000694800000, 0x0000000694800000| Untracked 
|  67|0x0000000694c00000, 0x0000000694c00000, 0x0000000695000000|  0%| F|  |TAMS 0x0000000694c00000, 0x0000000694c00000| Untracked 
|  68|0x0000000695000000, 0x0000000695000000, 0x0000000695400000|  0%| F|  |TAMS 0x0000000695000000, 0x0000000695000000| Untracked 
|  69|0x0000000695400000, 0x0000000695400000, 0x0000000695800000|  0%| F|  |TAMS 0x0000000695400000, 0x0000000695400000| Untracked 
|  70|0x0000000695800000, 0x0000000695800000, 0x0000000695c00000|  0%| F|  |TAMS 0x0000000695800000, 0x0000000695800000| Untracked 
|  71|0x0000000695c00000, 0x0000000695c00000, 0x0000000696000000|  0%| F|  |TAMS 0x0000000695c00000, 0x0000000695c00000| Untracked 
|  72|0x0000000696000000, 0x0000000696000000, 0x0000000696400000|  0%| F|  |TAMS 0x0000000696000000, 0x0000000696000000| Untracked 
|  73|0x0000000696400000, 0x0000000696400000, 0x0000000696800000|  0%| F|  |TAMS 0x0000000696400000, 0x0000000696400000| Untracked 
|  74|0x0000000696800000, 0x0000000696800000, 0x0000000696c00000|  0%| F|  |TAMS 0x0000000696800000, 0x0000000696800000| Untracked 
|  75|0x0000000696c00000, 0x0000000696c00000, 0x0000000697000000|  0%| F|  |TAMS 0x0000000696c00000, 0x0000000696c00000| Untracked 
|  76|0x0000000697000000, 0x0000000697000000, 0x0000000697400000|  0%| F|  |TAMS 0x0000000697000000, 0x0000000697000000| Untracked 
|  77|0x0000000697400000, 0x0000000697400000, 0x0000000697800000|  0%| F|  |TAMS 0x0000000697400000, 0x0000000697400000| Untracked 
|  78|0x0000000697800000, 0x0000000697800000, 0x0000000697c00000|  0%| F|  |TAMS 0x0000000697800000, 0x0000000697800000| Untracked 
|  79|0x0000000697c00000, 0x0000000697c00000, 0x0000000698000000|  0%| F|  |TAMS 0x0000000697c00000, 0x0000000697c00000| Untracked 
|  80|0x0000000698000000, 0x0000000698000000, 0x0000000698400000|  0%| F|  |TAMS 0x0000000698000000, 0x0000000698000000| Untracked 
|  81|0x0000000698400000, 0x0000000698400000, 0x0000000698800000|  0%| F|  |TAMS 0x0000000698400000, 0x0000000698400000| Untracked 
|  82|0x0000000698800000, 0x0000000698800000, 0x0000000698c00000|  0%| F|  |TAMS 0x0000000698800000, 0x0000000698800000| Untracked 
|  83|0x0000000698c00000, 0x0000000698c00000, 0x0000000699000000|  0%| F|  |TAMS 0x0000000698c00000, 0x0000000698c00000| Untracked 
|  84|0x0000000699000000, 0x0000000699000000, 0x0000000699400000|  0%| F|  |TAMS 0x0000000699000000, 0x0000000699000000| Untracked 
|  85|0x0000000699400000, 0x0000000699400000, 0x0000000699800000|  0%| F|  |TAMS 0x0000000699400000, 0x0000000699400000| Untracked 
|  86|0x0000000699800000, 0x0000000699800000, 0x0000000699c00000|  0%| F|  |TAMS 0x0000000699800000, 0x0000000699800000| Untracked 
|  87|0x0000000699c00000, 0x0000000699c00000, 0x000000069a000000|  0%| F|  |TAMS 0x0000000699c00000, 0x0000000699c00000| Untracked 
|  88|0x000000069a000000, 0x000000069a000000, 0x000000069a400000|  0%| F|  |TAMS 0x000000069a000000, 0x000000069a000000| Untracked 
|  89|0x000000069a400000, 0x000000069a400000, 0x000000069a800000|  0%| F|  |TAMS 0x000000069a400000, 0x000000069a400000| Untracked 
|  90|0x000000069a800000, 0x000000069a800000, 0x000000069ac00000|  0%| F|  |TAMS 0x000000069a800000, 0x000000069a800000| Untracked 
|  91|0x000000069ac00000, 0x000000069aedbc00, 0x000000069b000000| 71%| E|  |TAMS 0x000000069ac00000, 0x000000069ac00000| Complete 
|  92|0x000000069b000000, 0x000000069b400000, 0x000000069b400000|100%| E|CS|TAMS 0x000000069b000000, 0x000000069b000000| Complete 
|  93|0x000000069b400000, 0x000000069b800000, 0x000000069b800000|100%| E|CS|TAMS 0x000000069b400000, 0x000000069b400000| Complete 
|  94|0x000000069b800000, 0x000000069bc00000, 0x000000069bc00000|100%| E|CS|TAMS 0x000000069b800000, 0x000000069b800000| Complete 

Card table byte_map: [0x0000024371cf0000,0x00000243728d0000] _byte_map_base: 0x000002436e8d0000

Marking Bits (Prev, Next): (CMBitMap*) 0x000002435a63ae10, (CMBitMap*) 0x000002435a63ae50
 Prev Bits: [0x00000243734b0000, 0x00000243793b0000)
 Next Bits: [0x00000243793b0000, 0x000002437f2b0000)

Polling page: 0x00000243585f0000

Metaspace:

Usage:
  Non-class:      2.74 MB used.
      Class:    314.39 KB used.
       Both:      3.04 MB used.

Virtual space:
  Non-class space:        8.00 MB reserved,       2.81 MB ( 35%) committed,  1 nodes.
      Class space:        1.00 GB reserved,     384.00 KB ( <1%) committed,  1 nodes.
             Both:        1.01 GB reserved,       3.19 MB ( <1%) committed. 

Chunk freelists:
   Non-Class:  2.91 MB
       Class:  3.58 MB
        Both:  6.48 MB

MaxMetaspaceSize: unlimited
CompressedClassSpaceSize: 1.00 GB
Initial GC threshold: 21.00 MB
Current GC threshold: 21.00 MB
CDS: on
MetaspaceReclaimPolicy: balanced
 - commit_granule_bytes: 65536.
 - commit_granule_words: 8192.
 - virtual_space_node_default_size: 1048576.
 - enlarge_chunks_in_place: 1.
 - new_chunks_are_fully_committed: 0.
 - uncommit_free_chunks: 1.
 - use_allocation_guard: 0.
 - handle_deallocations: 1.


Internal statistics:

num_allocs_failed_limit: 0.
num_arena_births: 64.
num_arena_deaths: 0.
num_vsnodes_births: 2.
num_vsnodes_deaths: 0.
num_space_committed: 51.
num_space_uncommitted: 0.
num_chunks_returned_to_freelist: 0.
num_chunks_taken_from_freelist: 136.
num_chunk_merges: 0.
num_chunk_splits: 84.
num_chunks_enlarged: 59.
num_purges: 0.
num_inconsistent_stats: 0.

CodeHeap 'non-profiled nmethods': size=120000Kb used=236Kb max_used=236Kb free=119764Kb
 bounds [0x00000243698a0000, 0x0000024369b10000, 0x0000024370dd0000]
CodeHeap 'profiled nmethods': size=120000Kb used=1083Kb max_used=1083Kb free=118916Kb
 bounds [0x0000024362370000, 0x00000243625e0000, 0x00000243698a0000]
CodeHeap 'non-nmethods': size=5760Kb used=1153Kb max_used=1167Kb free=4606Kb
 bounds [0x0000024361dd0000, 0x0000024362040000, 0x0000024362370000]
 total_blobs=1122 nmethods=694 adapters=341
 compilation: enabled
              stopped_count=0, restarted_count=0
 full_count=0

Compilation events (20 events):
Event: 0.363 Thread 0x000002437fcefde0  675       3       java.lang.String::getChars (54 bytes)
Event: 0.363 Thread 0x000002437fcefde0 nmethod 675 0x000002436247b010 code [0x000002436247b200, 0x000002436247b678]
Event: 0.363 Thread 0x000002437fcefde0  676       3       java.lang.StringLatin1::getChars (12 bytes)
Event: 0.363 Thread 0x000002437fcefde0 nmethod 676 0x000002436247b890 code [0x000002436247ba20, 0x000002436247bb48]
Event: 0.363 Thread 0x000002437fcefde0  674       3       java.util.zip.ZipUtils::LOCNAM (7 bytes)
Event: 0.364 Thread 0x000002437fcefde0 nmethod 674 0x000002436247bc10 code [0x000002436247bda0, 0x000002436247bf58]
Event: 0.364 Thread 0x000002437fcefde0  677   !   3       java.util.zip.ZipFile$ZipFileInflaterInputStream::close (67 bytes)
Event: 0.364 Thread 0x000002437fcefde0 nmethod 677 0x000002436247c090 code [0x000002436247c2c0, 0x000002436247cb38]
Event: 0.365 Thread 0x000002437fcefde0  679       3       java.util.zip.ZipFile$InflaterCleanupAction::run (12 bytes)
Event: 0.365 Thread 0x000002437fcefde0 nmethod 679 0x000002436247cf10 code [0x000002436247d0c0, 0x000002436247d228]
Event: 0.365 Thread 0x000002437fcefde0  680   !   3       java.util.zip.ZipFile$CleanableResource::releaseInflater (53 bytes)
Event: 0.365 Thread 0x000002437fcefde0 nmethod 680 0x000002436247d310 code [0x000002436247d4e0, 0x000002436247d908]
Event: 0.366 Thread 0x000002437fce7720  681       4       java.util.zip.ZipCoder::hash (36 bytes)
Event: 0.366 Thread 0x000002437fcefde0  682       3       java.util.zip.ZipCoder$UTF8ZipCoder::hasTrailingSlash (20 bytes)
Event: 0.366 Thread 0x000002437fcefde0 nmethod 682 0x000002436247db10 code [0x000002436247dca0, 0x000002436247de78]
Event: 0.367 Thread 0x000002437fcefde0  683       3       jdk.internal.util.jar.JarIndex::get (49 bytes)
Event: 0.367 Thread 0x000002437fcefde0 nmethod 683 0x000002436247df90 code [0x000002436247e1c0, 0x000002436247eac8]
Event: 0.368 Thread 0x000002437fcefde0  684       3       java.net.URLStreamHandler::parseURL (1201 bytes)
Event: 0.371 Thread 0x000002437fce7720 nmethod 681 0x00000243698d8a90 code [0x00000243698d8c20, 0x00000243698d8f88]
Event: 0.371 Thread 0x000002437fce7720  685   !   4       java.util.zip.ZipFile$Source::getEntryPos (173 bytes)

GC Heap History (0 events):
No events

Deoptimization events (20 events):
Event: 0.264 Thread 0x000002435a5dd5e0 DEOPT PACKING pc=0x00000243698b7564 sp=0x000000f8387fdd60
Event: 0.264 Thread 0x000002435a5dd5e0 DEOPT UNPACKING pc=0x0000024361e25c23 sp=0x000000f8387fdce8 mode 2
Event: 0.265 Thread 0x000002435a5dd5e0 DEOPT PACKING pc=0x00000243623b0afc sp=0x000000f8387fd1e0
Event: 0.265 Thread 0x000002435a5dd5e0 DEOPT UNPACKING pc=0x0000024361e26763 sp=0x000000f8387fc690 mode 0
Event: 0.266 Thread 0x000002435a5dd5e0 DEOPT PACKING pc=0x00000243623a9656 sp=0x000000f8387f9a70
Event: 0.266 Thread 0x000002435a5dd5e0 DEOPT UNPACKING pc=0x0000024361e26763 sp=0x000000f8387f8f10 mode 0
Event: 0.271 Thread 0x000002435a5dd5e0 DEOPT PACKING pc=0x00000243623d4565 sp=0x000000f8387fd540
Event: 0.271 Thread 0x000002435a5dd5e0 DEOPT UNPACKING pc=0x0000024361e26763 sp=0x000000f8387fc9b8 mode 0
Event: 0.276 Thread 0x000002435a5dd5e0 DEOPT PACKING pc=0x00000243623d4565 sp=0x000000f8387f9e40
Event: 0.276 Thread 0x000002435a5dd5e0 DEOPT UNPACKING pc=0x0000024361e26763 sp=0x000000f8387f9290 mode 0
Event: 0.289 Thread 0x000002435a5dd5e0 Uncommon trap: trap_request=0xffffff45 fr.pc=0x00000243698c3cb0 relative=0x0000000000000210
Event: 0.289 Thread 0x000002435a5dd5e0 Uncommon trap: reason=unstable_if action=reinterpret pc=0x00000243698c3cb0 method=java.lang.String.startsWith(Ljava/lang/String;I)Z @ 14 c2
Event: 0.289 Thread 0x000002435a5dd5e0 DEOPT PACKING pc=0x00000243698c3cb0 sp=0x000000f8387fc480
Event: 0.289 Thread 0x000002435a5dd5e0 DEOPT UNPACKING pc=0x0000024361e25c23 sp=0x000000f8387fc3e0 mode 2
Event: 0.291 Thread 0x000002435a5dd5e0 Uncommon trap: trap_request=0xffffff45 fr.pc=0x00000243698c55e4 relative=0x0000000000000244
Event: 0.291 Thread 0x000002435a5dd5e0 Uncommon trap: reason=unstable_if action=reinterpret pc=0x00000243698c55e4 method=java.io.BufferedReader.read()I @ 19 c2
Event: 0.292 Thread 0x000002435a5dd5e0 DEOPT PACKING pc=0x00000243698c55e4 sp=0x000000f8387fcf00
Event: 0.292 Thread 0x000002435a5dd5e0 DEOPT UNPACKING pc=0x0000024361e25c23 sp=0x000000f8387fce40 mode 2
Event: 0.352 Thread 0x000002435a5dd5e0 DEOPT PACKING pc=0x00000243623aae3e sp=0x000000f8387fdbc0
Event: 0.352 Thread 0x000002435a5dd5e0 DEOPT UNPACKING pc=0x0000024361e26763 sp=0x000000f8387fd060 mode 0

Classes unloaded (0 events):
No events

Classes redefined (0 events):
No events

Internal exceptions (7 events):
Event: 0.229 Thread 0x0000024302b856f0 Exception <a 'java/lang/NoSuchMethodError'{0x000000069b085a30}: 'java.lang.Object java.lang.invoke.DirectMethodHandle$Holder.invokeStaticInit(java.lang.Object)'> (0x000000069b085a30) 
thrown [t:\workspace\open\src\hotspot\share\interpreter\linkResolver.cpp, line 766]
Event: 0.234 Thread 0x0000024302b856f0 Exception <a 'java/lang/NoSuchMethodError'{0x000000069b093720}: 'void java.lang.invoke.DirectMethodHandle$Holder.invokeStatic(java.lang.Object, java.lang.Object)'> (0x000000069b093720) 
thrown [t:\workspace\open\src\hotspot\share\interpreter\linkResolver.cpp, line 766]
Event: 0.290 Thread 0x000002435a5dd5e0 Exception <a 'java/lang/ClassNotFoundException'{0x000000069b31fdb0}: javax/smartcardio/CardPermission> (0x000000069b31fdb0) 
thrown [t:\workspace\open\src\hotspot\share\classfile\systemDictionary.cpp, line 256]
Event: 0.293 Thread 0x000002435a5dd5e0 Exception <a 'java/io/FileNotFoundException'{0x000000069b32e2e0}> (0x000000069b32e2e0) 
thrown [t:\workspace\open\src\hotspot\share\prims\jni.cpp, line 516]
Event: 0.316 Thread 0x000002435a5dd5e0 Exception <a 'java/lang/NoSuchMethodError'{0x000000069b3ab920}: 'java.lang.Object java.lang.invoke.DirectMethodHandle$Holder.invokeSpecial(java.lang.Object, java.lang.Object, java.lang.Object, long, java.lang.Object)'> (0x000000069b3ab920) 
thrown [t:\workspace\open\src\hotspot\share\interpreter\linkResolver.cpp, line 766]
Event: 0.316 Thread 0x000002435a5dd5e0 Exception <a 'java/lang/NoSuchMethodError'{0x000000069b3af4f0}: 'java.lang.Object java.lang.invoke.Invokers$Holder.linkToTargetMethod(java.lang.Object, long, java.lang.Object, java.lang.Object)'> (0x000000069b3af4f0) 
thrown [t:\workspace\open\src\hotspot\share\interpreter\linkResolver.cpp, line 766]
Event: 0.371 Thread 0x000002435a5dd5e0 Exception <a 'java/lang/NoSuchMethodError'{0x000000069adb4490}: 'void java.lang.invoke.DirectMethodHandle$Holder.invokeStatic(java.lang.Object, java.lang.Object, java.lang.Object, java.lang.Object)'> (0x000000069adb4490) 
thrown [t:\workspace\open\src\hotspot\share\interpreter\linkResolver.cpp, line 766]

VM Operations (8 events):
Event: 0.097 Executing VM operation: HandshakeAllThreads
Event: 0.097 Executing VM operation: HandshakeAllThreads done
Event: 0.227 Executing VM operation: HandshakeAllThreads
Event: 0.227 Executing VM operation: HandshakeAllThreads done
Event: 0.260 Executing VM operation: HandshakeAllThreads
Event: 0.260 Executing VM operation: HandshakeAllThreads done
Event: 0.264 Executing VM operation: HandshakeAllThreads
Event: 0.264 Executing VM operation: HandshakeAllThreads done

Events (20 events):
Event: 0.341 loading class java/time/zone/ZoneOffsetTransition
Event: 0.341 loading class java/time/zone/ZoneOffsetTransition done
Event: 0.346 loading class java/util/concurrent/atomic/AtomicReference
Event: 0.346 loading class java/util/concurrent/atomic/AtomicReference done
Event: 0.348 loading class java/lang/NumberFormatException
Event: 0.348 loading class java/lang/NumberFormatException done
Event: 0.353 loading class java/lang/InterruptedException
Event: 0.353 loading class java/lang/InterruptedException done
Event: 0.353 loading class java/util/concurrent/TimeoutException
Event: 0.353 loading class java/util/concurrent/TimeoutException done
Event: 0.360 loading class java/lang/IllegalAccessError
Event: 0.360 loading class java/lang/IllegalAccessError done
Event: 0.365 loading class java/util/IdentityHashMap$EntrySet
Event: 0.365 loading class java/util/IdentityHashMap$EntrySet done
Event: 0.365 loading class java/util/IdentityHashMap$EntryIterator
Event: 0.365 loading class java/util/IdentityHashMap$EntryIterator done
Event: 0.365 loading class java/util/IdentityHashMap$EntryIterator$Entry
Event: 0.365 loading class java/util/IdentityHashMap$EntryIterator$Entry done
Event: 0.365 loading class java/util/IdentityHashMap$ValueIterator
Event: 0.365 loading class java/util/IdentityHashMap$ValueIterator done


Dynamic libraries:
0x00007ff6da950000 - 0x00007ff6da95e000 	C:\Program Files\Java\jdk-17\bin\java.exe
0x00007ff9ae660000 - 0x00007ff9ae869000 	C:\Windows\SYSTEM32\ntdll.dll
0x00007ff9ad260000 - 0x00007ff9ad31d000 	C:\Windows\System32\KERNEL32.DLL
0x00007ff9abf10000 - 0x00007ff9ac294000 	C:\Windows\System32\KERNELBASE.dll
0x00007ff9abdf0000 - 0x00007ff9abf01000 	C:\Windows\System32\ucrtbase.dll
0x00007ff98ef20000 - 0x00007ff98ef38000 	C:\Program Files\Java\jdk-17\bin\jli.dll
0x00007ff98ef00000 - 0x00007ff98ef1a000 	C:\Program Files\Java\jdk-17\bin\VCRUNTIME140.dll
0x00007ff9ad680000 - 0x00007ff9ad82d000 	C:\Windows\System32\USER32.dll
0x00007ff9ac3c0000 - 0x00007ff9ac3e6000 	C:\Windows\System32\win32u.dll
0x00007ff98b5c0000 - 0x00007ff98b865000 	C:\Windows\WinSxS\amd64_microsoft.windows.common-controls_6595b64144ccf1df_6.0.22000.120_none_9d947278b86cc467\COMCTL32.dll
0x00007ff9acd90000 - 0x00007ff9acdba000 	C:\Windows\System32\GDI32.dll
0x00007ff9ad1b0000 - 0x00007ff9ad253000 	C:\Windows\System32\msvcrt.dll
0x00007ff9ac2a0000 - 0x00007ff9ac3be000 	C:\Windows\System32\gdi32full.dll
0x00007ff9abb60000 - 0x00007ff9abbfd000 	C:\Windows\System32\msvcp_win.dll
0x00007ff9ad4b0000 - 0x00007ff9ad4e1000 	C:\Windows\System32\IMM32.DLL
0x00007ff9a7710000 - 0x00007ff9a771c000 	C:\Program Files\Java\jdk-17\bin\vcruntime140_1.dll
0x00007ff98a120000 - 0x00007ff98a1ad000 	C:\Program Files\Java\jdk-17\bin\msvcp140.dll
0x00007ff92fa00000 - 0x00007ff9305be000 	C:\Program Files\Java\jdk-17\bin\server\jvm.dll
0x00007ff9acf20000 - 0x00007ff9acfce000 	C:\Windows\System32\ADVAPI32.dll
0x00007ff9ad890000 - 0x00007ff9ad92e000 	C:\Windows\System32\sechost.dll
0x00007ff9ad4f0000 - 0x00007ff9ad611000 	C:\Windows\System32\RPCRT4.dll
0x00007ff9ae090000 - 0x00007ff9ae098000 	C:\Windows\System32\PSAPI.DLL
0x00007ff9a3c80000 - 0x00007ff9a3c8a000 	C:\Windows\SYSTEM32\VERSION.dll
0x00007ff991fc0000 - 0x00007ff991fc9000 	C:\Windows\SYSTEM32\WSOCK32.dll
0x00007ff9a5c20000 - 0x00007ff9a5c53000 	C:\Windows\SYSTEM32\WINMM.dll
0x00007ff9ad440000 - 0x00007ff9ad4af000 	C:\Windows\System32\WS2_32.dll
0x00007ff9aab20000 - 0x00007ff9aab38000 	C:\Windows\SYSTEM32\kernel.appcore.dll
0x00007ff9a50f0000 - 0x00007ff9a50fa000 	C:\Program Files\Java\jdk-17\bin\jimage.dll
0x00007ff9a8e20000 - 0x00007ff9a9041000 	C:\Windows\SYSTEM32\DBGHELP.DLL
0x00007ff98d880000 - 0x00007ff98d8b1000 	C:\Windows\SYSTEM32\dbgcore.DLL
0x00007ff9abd70000 - 0x00007ff9abdef000 	C:\Windows\System32\bcryptPrimitives.dll
0x00007ff9a7c20000 - 0x00007ff9a7c2e000 	C:\Program Files\Java\jdk-17\bin\instrument.dll
0x00007ff97f950000 - 0x00007ff97f975000 	C:\Program Files\Java\jdk-17\bin\java.dll
0x00007ff964b20000 - 0x00007ff964bf6000 	C:\Program Files\Java\jdk-17\bin\svml.dll
0x00007ff9ac5c0000 - 0x00007ff9acd85000 	C:\Windows\System32\SHELL32.dll
0x00007ff9a9b80000 - 0x00007ff9aa3e2000 	C:\Windows\SYSTEM32\windows.storage.dll
0x00007ff9add10000 - 0x00007ff9ae086000 	C:\Windows\System32\combase.dll
0x00007ff9a9a10000 - 0x00007ff9a9b77000 	C:\Windows\SYSTEM32\wintypes.dll
0x00007ff9ac4d0000 - 0x00007ff9ac5ba000 	C:\Windows\System32\SHCORE.dll
0x00007ff9ad830000 - 0x00007ff9ad88d000 	C:\Windows\System32\shlwapi.dll
0x00007ff9aba20000 - 0x00007ff9aba45000 	C:\Windows\SYSTEM32\profapi.dll
0x00007ff988c10000 - 0x00007ff988c28000 	C:\Program Files\Java\jdk-17\bin\zip.dll
0x00007ff98e5b0000 - 0x00007ff98e5c9000 	C:\Program Files\Java\jdk-17\bin\net.dll
0x00007ff9a6a50000 - 0x00007ff9a6b64000 	C:\Windows\SYSTEM32\WINHTTP.dll
0x00007ff9aafc0000 - 0x00007ff9ab027000 	C:\Windows\system32\mswsock.dll
0x00007ff98dea0000 - 0x00007ff98deb5000 	C:\Program Files\Java\jdk-17\bin\nio.dll
0x00007ff9900d0000 - 0x00007ff9900ea000 	D:\IntelliJ\IntelliJ IDEA Community Edition 2023.3.5\bin\breakgen64.dll

dbghelp: loaded successfully - version: 4.0.5 - missing functions: none
symbol engine: initialized successfully - sym options: 0x614 - pdb path: .;C:\Program Files\Java\jdk-17\bin;C:\Windows\SYSTEM32;C:\Windows\WinSxS\amd64_microsoft.windows.common-controls_6595b64144ccf1df_6.0.22000.120_none_9d947278b86cc467;C:\Program Files\Java\jdk-17\bin\server;D:\IntelliJ\IntelliJ IDEA Community Edition 2023.3.5\bin

VM Arguments:
jvm_args: -javaagent:D:\IntelliJ\IntelliJ IDEA Community Edition 2023.3.5\lib\idea_rt.jar=58623:D:\IntelliJ\IntelliJ IDEA Community Edition 2023.3.5\bin -Dfile.encoding=UTF-8 
java_command: com.example.Trabajo_Integrador_2024.TrabajoIntegrador2024Application
java_class_path (initial): D:\Digital\Trabajo integrador\PAREDES-CARLOS_CCAPA-FRANK_TRABAJO-INTEGRADOR-Sistema-de-reserva-de-turnos\Trabajo-Integrador-2024\target\classes;C:\Users\Hp\.m2\repository\org\springframework\boot\spring-boot-starter-thymeleaf\3.3.2\spring-boot-starter-thymeleaf-3.3.2.jar;C:\Users\Hp\.m2\repository\org\springframework\boot\spring-boot-starter\3.3.2\spring-boot-starter-3.3.2.jar;C:\Users\Hp\.m2\repository\org\springframework\boot\spring-boot\3.3.2\spring-boot-3.3.2.jar;C:\Users\Hp\.m2\repository\org\springframework\boot\spring-boot-autoconfigure\3.3.2\spring-boot-autoconfigure-3.3.2.jar;C:\Users\Hp\.m2\repository\org\springframework\boot\spring-boot-starter-logging\3.3.2\spring-boot-starter-logging-3.3.2.jar;C:\Users\Hp\.m2\repository\ch\qos\logback\logback-classic\1.5.6\logback-classic-1.5.6.jar;C:\Users\Hp\.m2\repository\ch\qos\logback\logback-core\1.5.6\logback-core-1.5.6.jar;C:\Users\Hp\.m2\repository\org\apache\logging\log4j\log4j-to-slf4j\2.23.1\log4j-to-slf4j-2.23.1.jar;C:\Users\Hp\.m2\repository\org\apache\logging\log4j\log4j-api\2.23.1\log4j-api-2.23.1.jar;C:\Users\Hp\.m2\repository\org\slf4j\jul-to-slf4j\2.0.13\jul-to-slf4j-2.0.13.jar;C:\Users\Hp\.m2\repository\jakarta\annotation\jakarta.annotation-api\2.1.1\jakarta.annotation-api-2.1.1.jar;C:\Users\Hp\.m2\repository\org\yaml\snakeyaml\2.2\snakeyaml-2.2.jar;C:\Users\Hp\.m2\repository\org\thymeleaf\thymeleaf-spring6\3.1.2.RELEASE\thymeleaf-spring6-3.1.2.RELEASE.jar;C:\Users\Hp\.m2\repository\org\thymeleaf\thymeleaf\3.1.2.RELEASE\thymeleaf-3.1.2.RELEASE.jar;C:\Users\Hp\.m2\repository\org\attoparser\attoparser\2.0.7.RELEASE\attoparser-2.0.7.RELEASE.jar;C:\Users\Hp\.m2\repository\org\unbescape\unbescape\1.1.6.RELEASE\unbescape-1.1.6.RELEASE.jar;C:\Users\Hp\.m2\repository\org\slf4j\slf4j-api\2.0.13\slf4j-api-2.0.13.jar;C:\Users\Hp\.m2\repository\org\springframework\boot\spring-boot-starter-web\3.3.2\spring-boot-starter-web-3.3.2.jar;C:\Users\Hp\.m2\repository\org\springframework\boot\
Launcher Type: SUN_STANDARD

[Global flags]
     intx CICompilerCount                          = 4                                         {product} {ergonomic}
     uint ConcGCThreads                            = 2                                         {product} {ergonomic}
     uint G1ConcRefinementThreads                  = 8                                         {product} {ergonomic}
   size_t G1HeapRegionSize                         = 4194304                                   {product} {ergonomic}
    uintx GCDrainStackTargetSize                   = 64                                        {product} {ergonomic}
   size_t InitialHeapSize                          = 398458880                                 {product} {ergonomic}
   size_t MarkStackSize                            = 4194304                                   {product} {ergonomic}
   size_t MaxHeapSize                              = 6375342080                                {product} {ergonomic}
   size_t MaxNewSize                               = 3825205248                                {product} {ergonomic}
   size_t MinHeapDeltaBytes                        = 4194304                                   {product} {ergonomic}
   size_t MinHeapSize                              = 8388608                                   {product} {ergonomic}
    uintx NonNMethodCodeHeapSize                   = 5839372                                {pd product} {ergonomic}
    uintx NonProfiledCodeHeapSize                  = 122909434                              {pd product} {ergonomic}
    uintx ProfiledCodeHeapSize                     = 122909434                              {pd product} {ergonomic}
    uintx ReservedCodeCacheSize                    = 251658240                              {pd product} {ergonomic}
     bool SegmentedCodeCache                       = true                                      {product} {ergonomic}
   size_t SoftMaxHeapSize                          = 6375342080                             {manageable} {ergonomic}
     bool UseCompressedClassPointers               = true                           {product lp64_product} {ergonomic}
     bool UseCompressedOops                        = true                           {product lp64_product} {ergonomic}
     bool UseG1GC                                  = true                                      {product} {ergonomic}
     bool UseLargePagesIndividualAllocation        = false                                  {pd product} {ergonomic}

Logging:
Log output configuration:
 #0: stdout all=warning uptime,level,tags
 #1: stderr all=off uptime,level,tags

Environment Variables:
JAVA_HOME=C:\Program Files\Java\jdk-17
PATH=C:\Program Files\Java\jdk-17\bin;C:\workspace\apache-maven-3.9.6\bin;C:\Program Files\Common Files\Oracle\Java\javapath;C:\Program Files (x86)\Common Files\Oracle\Java\java8path;C:\Program Files (x86)\Common Files\Oracle\Java\javapath;C:\ProgramData\Oracle\Java\javapath;C:\Windows\system32;C:\Windows;C:\Windows\System32\Wbem;C:\Windows\System32\WindowsPowerShell\v1.0\;C:\Windows\System32\OpenSSH\;C:\Program Files\dotnet\;D:\MatlabCarpeta\runtime\win64;D:\MatlabCarpeta\bin;C:\TDM-GCC-64\bin;C:\Program Files\Docker\Docker\resources\bin;C:\Users\Hp\AppData\Local\Programs\Python\Python311\Scripts\;C:\Users\Hp\AppData\Local\Programs\Python\Python311\;C:\Users\Hp\AppData\Local\Microsoft\WindowsApps;C:\Users\Hp\.dotnet\tools;C:\Users\Hp\AppData\Roaming\npm;C:\Users\Hp\AppData\Local\GitHubDesktop\bin;D:\Flutter\flutter\bin;C:\Program Files\JetBrains\PyCharm 2023.2.1\bin;D:\Microsoft VS Code\bin;C:\adb;C:\xampp\php;C:\ffmpeg\bin;D:\Git\cmd;C:\Program Files\nodejs\;C:\ProgramData\chocolatey\bin;C:\Users\Hp\AppData\Local\Programs\Python\Python312\Scripts\;C:\Users\Hp\AppData\Local\Programs\Python\Python312\;C:\Users\Hp\AppData\Local\Programs\Python\Python311\Scripts\;C:\Users\Hp\AppData\Local\Programs\Python\Python311\;C:\Users\Hp\AppData\Local\Microsoft\WindowsApps;C:\Users\Hp\.dotnet\tools;D:\Flutter\flutter\bin;C:\Program Files\JetBrains\PyCharm 2023.2.1\bin;;D:\Microsoft VS Code\bin;C:\ffmpeg\bin;;C:\Program Files\JetBrains\IntelliJ IDEA 2023.3.3\bin;;D:\IntelliJ\IntelliJ IDEA Community Edition 2023.3.5\bin;;C:\Users\Hp\AppData\Roaming\npm
USERNAME=Hp
OS=Windows_NT
PROCESSOR_IDENTIFIER=Intel64 Family 6 Model 140 Stepping 1, GenuineIntel



---------------  S Y S T E M  ---------------

OS:
 Windows 10 , 64 bit Build 22000 (10.0.22000.2538)
OS uptime: 92 days 20:57 hours
Hyper-V role detected

CPU: total 8 (initial active 8) (4 cores per cpu, 2 threads per core) family 6 model 140 stepping 1 microcode 0x86, cx8, cmov, fxsr, ht, mmx, 3dnowpref, sse, sse2, sse3, ssse3, sse4.1, sse4.2, popcnt, lzcnt, tsc, tscinvbit, avx, avx2, aes, erms, clmul, bmi1, bmi2, adx, avx512f, avx512dq, avx512cd, avx512bw, avx512vl, sha, fma, vzeroupper, avx512_vpopcntdq, avx512_vpclmulqdq, avx512_vaes, avx512_vnni, clflush, clflushopt, clwb, avx512_vbmi2, avx512_vbmi, hv

Memory: 4k page, system-wide physical 24316M (3623M free)
TotalPageFile size 98044M (AvailPageFile size 3M)
current process WorkingSet (physical memory assigned to process): 59M, peak: 59M
current process commit charge ("private bytes"): 483M, peak: 483M

vm_info: OpenJDK 64-Bit Server VM (17+35-2724) for windows-amd64 JRE (17+35-2724), built on Aug  5 2021 23:26:02 by "mach5one" with MS VC++ 16.8 (VS2019)

END.
