[2024-09-12 17:31:59] [ INFO ] [OdontologoServicioImpl:26] Odontologo guardado: com.example.Trabajo_Integrador_2024.entity.Odontologo@35749db
[2024-09-12 17:33:54] [ INFO ] [OdontologoServicioImpl:26] Odontologo guardado: cheto2 chepar1
[2024-09-12 17:52:47] [ INFO ] [OdontologoServicioImpl:26] Odontologo guardado: fra fra
[2024-09-12 18:06:00] [ INFO ] [OdontologoServicioImpl:26] Odontologo guardado: cheto2 chepar1
[2024-09-12 18:06:06] [ INFO ] [OdontologoServicioImpl:26] Odontologo guardado: cheto2 chepar1
[2024-09-12 18:08:51] [ INFO ] [OdontologoServicioImpl:26] Odontologo guardado: Dr. Raul Ccapa
[2024-09-12 18:10:10] [ INFO ] [OdontologoServicioImpl:26] Odontologo guardado: Dr. Kenyo Ccapa
[2024-09-12 18:28:46] [ INFO ] [OdontologoServicioImpl:26] Odontologo guardado: Frank Ccapa
[2024-09-12 18:28:55] [ INFO ] [OdontologoServicioImpl:26] Odontologo guardado: Frank2 Ccapa2
[2024-09-12 18:29:17] [ INFO ] [PacienteServicioImpl:25] Paciente guardado: Fernando Ccapa
[2024-09-12 18:29:25] [ INFO ] [PacienteServicioImpl:25] Paciente guardado: Raul Ccapa
[2024-09-12 18:29:39] [ INFO ] [TurnoServicioImpl:54] El turno ha sido guardado con el Paciente con ID:1  y Odontologo: 1 con fecha: 2024-05-08
[2024-09-12 18:43:19] [ INFO ] [OdontologoServicioImpl:26] Odontologo guardado: frank ccapa
[2024-09-12 18:43:40] [ INFO ] [OdontologoServicioImpl:26] Odontologo guardado: Carlos Paredes
[2024-09-12 18:44:09] [ INFO ] [OdontologoServicioImpl:43] Odontologo guardado con ID: 1
[2024-09-12 18:44:46] [ INFO ] [OdontologoServicioImpl:26] Odontologo guardado: Frank2 ccapa
[2024-09-12 18:46:37] [ INFO ] [PacienteServicioImpl:25] Paciente guardado: Frank4 Ccapa
[2024-09-12 18:47:55] [ INFO ] [TurnoServicioImpl:54] El turno ha sido guardado con el Paciente con ID:1  y Odontologo: 2 con fecha: 2021-01-12
[2024-09-12 18:57:13] [ INFO ] [OdontologoServicioImpl:26] Odontologo guardado: Carlos Fernandez
[2024-09-12 18:57:13] [ INFO ] [OdontologoServicioImpl:43] Odontologo guardado con ID: 1
[2024-09-12 19:11:43] [ INFO ] [PacienteServicioImpl:25] Paciente guardado: Frank Ccapa
[2024-09-12 19:11:43] [ INFO ] [PacienteServicioImpl:61] Se a eliminadp el paciente con ID 1
[2024-09-12 19:12:58] [ INFO ] [PacienteServicioImpl:25] Paciente guardado: Frank Ccapa
[2024-09-12 19:12:58] [ INFO ] [PacienteServicioImpl:61] Se a eliminadp el paciente con ID 1
[2024-09-12 19:17:38] [ INFO ] [PacienteServicioImpl:25] Paciente guardado: Frank Ccapa
[2024-09-12 19:17:38] [ INFO ] [PacienteServicioImpl:61] Se a eliminadp el paciente con ID 1
[2024-09-12 19:25:56] [ INFO ] [PacienteServicioImpl:25] Paciente guardado: Frank Ccapa
[2024-09-12 19:59:44] [ INFO ] [PacienteServicioImpl:25] Paciente guardado: Fernando Ccapa
[2024-09-12 20:08:16] [ INFO ] [PacienteServicioImpl:25] Paciente guardado: Fernando Ccapa
[2024-09-12 20:15:21] [ INFO ] [PacienteServicioImpl:25] Paciente guardado: Fernando Ccapa
[2024-09-12 20:26:17] [ INFO ] [PacienteServicioImpl:25] Paciente guardado: Fernando Ccapa
[2024-09-12 20:26:17] [ INFO ] [PacienteServicioImpl:61] Se a eliminadp el paciente con ID 1
[2024-09-12 20:29:54] [ INFO ] [PacienteServicioImpl:25] Paciente guardado: Fernando Ccapa
[2024-09-12 20:29:54] [ INFO ] [PacienteServicioImpl:61] Se a eliminadp el paciente con ID 1
[2024-09-12 20:29:54] [ INFO ] [PacienteServicioImpl:25] Paciente guardado: Frank Ccapa
[2024-09-12 20:29:54] [ INFO ] [PacienteServicioImpl:25] Paciente guardado: Fernando Ccapa
[2024-09-12 20:29:54] [ INFO ] [PacienteServicioImpl:25] Paciente guardado: Fernando Ccapa
[2024-09-12 20:33:07] [ INFO ] [PacienteServicioImpl:25] Paciente guardado: Fernando Ccapa
[2024-09-12 20:34:51] [ INFO ] [PacienteServicioImpl:25] Paciente guardado: Fernando Ccapa
[2024-09-12 20:42:25] [ INFO ] [PacienteServicioImpl:25] Paciente guardado: Fernando Ccapa
[2024-09-12 20:42:25] [ INFO ] [PacienteServicioImpl:61] Se a eliminadp el paciente con ID 1
[2024-09-12 20:42:25] [ INFO ] [PacienteServicioImpl:25] Paciente guardado: Fernando Ccapa
[2024-09-12 20:42:25] [ INFO ] [PacienteServicioImpl:25] Paciente guardado: Fernando Ccapa
[2024-09-12 20:42:25] [ INFO ] [PacienteServicioImpl:25] Paciente guardado: Fernando Ccapa
[2024-09-12 20:46:41] [ INFO ] [OdontologoServicioImpl:26] Odontologo guardado: Frank Ccapa
[2024-09-12 20:50:46] [ INFO ] [OdontologoServicioImpl:26] Odontologo guardado: Fernando Ccapa
[2024-09-12 20:51:01] [ INFO ] [OdontologoServicioImpl:26] Odontologo guardado: Fernando Ccapa
[2024-09-12 20:51:01] [ INFO ] [OdontologoServicioImpl:26] Odontologo guardado: Carlos Ccapa
[2024-09-12 20:51:01] [ INFO ] [OdontologoServicioImpl:43] Odontologo guardado con ID: 2
[2024-09-12 20:51:01] [ INFO ] [OdontologoServicioImpl:26] Odontologo guardado: Frank Ccapa
[2024-09-12 20:52:12] [ INFO ] [OdontologoServicioImpl:26] Odontologo guardado: Frank Ccapa
[2024-09-12 20:52:12] [ INFO ] [OdontologoServicioImpl:43] Odontologo guardado con ID: 1
[2024-09-12 20:52:29] [ INFO ] [OdontologoServicioImpl:26] Odontologo guardado: Fernando Ccapa
[2024-09-12 20:52:29] [ INFO ] [OdontologoServicioImpl:26] Odontologo guardado: Frank Ccapa
[2024-09-12 20:52:29] [ INFO ] [OdontologoServicioImpl:43] Odontologo guardado con ID: 2
[2024-09-12 20:52:29] [ INFO ] [OdontologoServicioImpl:26] Odontologo guardado: Frank Ccapa
[2024-09-12 20:56:39] [ INFO ] [OdontologoServicioImpl:26] Odontologo guardado: Fernando Ccapa
[2024-09-12 20:56:39] [ INFO ] [OdontologoServicioImpl:26] Odontologo guardado: Frank Ccapa
[2024-09-12 20:56:39] [ INFO ] [OdontologoServicioImpl:43] Odontologo guardado con ID: 2
[2024-09-12 20:56:39] [ INFO ] [OdontologoServicioImpl:26] Odontologo guardado: Frank Ccapa
[2024-09-12 21:05:13] [ INFO ] [PacienteServicioImpl:25] Paciente guardado: Frank Ccapa
[2024-09-12 21:05:13] [ INFO ] [OdontologoServicioImpl:26] Odontologo guardado: Raul Ccapa
[2024-09-12 21:05:13] [ INFO ] [TurnoServicioImpl:54] El turno ha sido guardado con el Paciente con ID:1  y Odontologo: 1 con fecha: 2024-01-15
[2024-09-12 21:07:31] [ INFO ] [PacienteServicioImpl:25] Paciente guardado: Frank Ccapa
[2024-09-12 21:07:31] [ INFO ] [OdontologoServicioImpl:26] Odontologo guardado: Raul Ccapa
[2024-09-12 21:07:31] [ INFO ] [TurnoServicioImpl:54] El turno ha sido guardado con el Paciente con ID:1  y Odontologo: 1 con fecha: 2024-01-15
[2024-09-12 21:09:46] [ INFO ] [PacienteServicioImpl:25] Paciente guardado: Frank Ccapa
[2024-09-12 21:09:46] [ INFO ] [OdontologoServicioImpl:26] Odontologo guardado: Dr. Raul Ccapa
[2024-09-12 21:09:46] [ INFO ] [TurnoServicioImpl:54] El turno ha sido guardado con el Paciente con ID:1  y Odontologo: 1 con fecha: 2024-01-15
[2024-09-12 21:11:04] [ INFO ] [PacienteServicioImpl:25] Paciente guardado: Frank Ccapa
[2024-09-12 21:11:04] [ INFO ] [OdontologoServicioImpl:26] Odontologo guardado: Dr. Raul Ccapa
[2024-09-12 21:11:04] [ INFO ] [TurnoServicioImpl:54] El turno ha sido guardado con el Paciente con ID:1  y Odontologo: 1 con fecha: 2024-01-15
[2024-09-12 21:11:51] [ INFO ] [PacienteServicioImpl:25] Paciente guardado: Frank Ccapa
[2024-09-12 21:11:51] [ INFO ] [OdontologoServicioImpl:26] Odontologo guardado: Raul Ccapa
[2024-09-12 21:11:51] [ INFO ] [TurnoServicioImpl:54] El turno ha sido guardado con el Paciente con ID:1  y Odontologo: 1 con fecha: 2024-01-15
[2024-09-12 21:14:24] [ INFO ] [OdontologoServicioImpl:26] Odontologo guardado: Raul Ccapa
[2024-09-12 21:15:24] [ INFO ] [PacienteServicioImpl:25] Paciente guardado: Frank Ccapa
[2024-09-12 21:15:39] [ INFO ] [PacienteServicioImpl:25] Paciente guardado: Frank Ccapa
[2024-09-12 21:15:39] [ INFO ] [OdontologoServicioImpl:26] Odontologo guardado: Raul Ccapa
[2024-09-12 21:15:39] [ INFO ] [TurnoServicioImpl:54] El turno ha sido guardado con el Paciente con ID:1  y Odontologo: 1 con fecha: 2024-01-15
[2024-09-12 21:18:55] [ INFO ] [PacienteServicioImpl:25] Paciente guardado: Frank Ccapa
[2024-09-12 21:18:55] [ INFO ] [OdontologoServicioImpl:26] Odontologo guardado: Raul Ccapa
[2024-09-12 21:18:55] [ INFO ] [TurnoServicioImpl:54] El turno ha sido guardado con el Paciente con ID:1  y Odontologo: 1 con fecha: 2024-01-15
[2024-09-12 21:18:55] [ INFO ] [PacienteServicioImpl:25] Paciente guardado: Frank Ccapa
[2024-09-12 21:18:55] [ INFO ] [OdontologoServicioImpl:26] Odontologo guardado: Raul Ccapa
[2024-09-12 21:22:42] [ INFO ] [PacienteServicioImpl:25] Paciente guardado: Frank Ccapa
[2024-09-12 21:22:42] [ INFO ] [OdontologoServicioImpl:26] Odontologo guardado: Raul Ccapa
[2024-09-12 21:22:42] [ INFO ] [TurnoServicioImpl:54] El turno ha sido guardado con el Paciente con ID:1  y Odontologo: 1 con fecha: 2024-10-10
[2024-09-12 21:22:42] [ INFO ] [TurnoServicioImpl:76] El turno con ID: 1 a sido eliminado
[2024-09-12 21:25:07] [ INFO ] [PacienteServicioImpl:25] Paciente guardado: Frank Ccapa
[2024-09-12 21:25:07] [ INFO ] [OdontologoServicioImpl:26] Odontologo guardado: Raul Ccapa
[2024-09-12 21:25:08] [ INFO ] [TurnoServicioImpl:54] El turno ha sido guardado con el Paciente con ID:1  y Odontologo: 1 con fecha: 2024-01-15
[2024-09-12 21:25:08] [ INFO ] [PacienteServicioImpl:25] Paciente guardado: Frank Ccapa
[2024-09-12 21:25:08] [ INFO ] [OdontologoServicioImpl:26] Odontologo guardado: Raul Ccapa
[2024-09-12 21:25:08] [ INFO ] [TurnoServicioImpl:54] El turno ha sido guardado con el Paciente con ID:2  y Odontologo: 2 con fecha: 2024-10-10
[2024-09-12 21:25:08] [ INFO ] [TurnoServicioImpl:76] El turno con ID: 2 a sido eliminado
[2024-09-12 21:25:08] [ INFO ] [PacienteServicioImpl:25] Paciente guardado: Frank Ccapa
[2024-09-12 21:25:08] [ INFO ] [OdontologoServicioImpl:26] Odontologo guardado: Raul Ccapa
[2024-09-12 21:28:06] [ INFO ] [PacienteServicioImpl:25] Paciente guardado: Frank Ccapa
[2024-09-12 21:28:06] [ INFO ] [OdontologoServicioImpl:26] Odontologo guardado: Raul Ccapa
[2024-09-12 21:28:06] [ INFO ] [TurnoServicioImpl:54] El turno ha sido guardado con el Paciente con ID:1  y Odontologo: 1 con fecha: 2024-10-10
[2024-09-12 21:30:21] [ INFO ] [PacienteServicioImpl:25] Paciente guardado: Frank Ccapa
[2024-09-12 21:30:22] [ INFO ] [OdontologoServicioImpl:26] Odontologo guardado: Raul Ccapa
[2024-09-12 21:30:22] [ INFO ] [TurnoServicioImpl:54] El turno ha sido guardado con el Paciente con ID:1  y Odontologo: 1 con fecha: 2024-10-10
[2024-09-12 21:30:22] [ INFO ] [PacienteServicioImpl:25] Paciente guardado: Frank Ccapa
[2024-09-12 21:30:22] [ INFO ] [OdontologoServicioImpl:26] Odontologo guardado: Raul Ccapa
[2024-09-12 21:30:22] [ INFO ] [TurnoServicioImpl:54] El turno ha sido guardado con el Paciente con ID:2  y Odontologo: 2 con fecha: 2024-01-15
[2024-09-12 21:30:22] [ INFO ] [PacienteServicioImpl:25] Paciente guardado: Frank Ccapa
[2024-09-12 21:30:22] [ INFO ] [OdontologoServicioImpl:26] Odontologo guardado: Raul Ccapa
[2024-09-12 21:30:22] [ INFO ] [TurnoServicioImpl:54] El turno ha sido guardado con el Paciente con ID:3  y Odontologo: 3 con fecha: 2024-10-10
[2024-09-12 21:30:22] [ INFO ] [TurnoServicioImpl:76] El turno con ID: 3 a sido eliminado
[2024-09-12 21:30:22] [ INFO ] [PacienteServicioImpl:25] Paciente guardado: Frank Ccapa
[2024-09-12 21:30:22] [ INFO ] [OdontologoServicioImpl:26] Odontologo guardado: Raul Ccapa
